app/build/intermediates/manifest_merge_blame_file/release/manifest-merger-blame-release-report.txt
1<?xml version="1.0" encoding="utf-8"?>
2<manifest xmlns:android="http://schemas.android.com/apk/res/android"
3    package="kr.co.itforone.tdaeri2"
4    android:versionCode="2007"
5    android:versionName="1.52" >
6
7    <uses-sdk
8        android:minSdkVersion="24"
8-->src\main\AndroidManifest.xml
9        android:targetSdkVersion="33" />
9-->src\main\AndroidManifest.xml
10    <!-- 인터넷 (일반권한) -->
11    <uses-permission android:name="android.permission.INTERNET" />
11-->src\main\AndroidManifest.xml:5:5-67
11-->src\main\AndroidManifest.xml:5:22-64
12    <uses-permission android:name="android.permission.ACCESS_NETWORK_STATE" />
12-->src\main\AndroidManifest.xml:6:5-79
12-->src\main\AndroidManifest.xml:6:22-76
13    <!-- 전화걸기 -->
14    <uses-permission android:name="android.permission.CALL_PHONE" />
14-->src\main\AndroidManifest.xml:8:5-69
14-->src\main\AndroidManifest.xml:8:22-66
15    <uses-permission android:name="android.permission.WRITE_EXTERNAL_STORAGE" />
15-->src\main\AndroidManifest.xml:9:5-81
15-->src\main\AndroidManifest.xml:9:22-78
16    <uses-permission android:name="android.permission.READ_EXTERNAL_STORAGE" />
16-->src\main\AndroidManifest.xml:10:5-80
16-->src\main\AndroidManifest.xml:10:22-77
17    <!-- 전화권한-전화번호읽기 -->
18    <!--
19         Grants the READ_PHONE_STATE permission only on devices that run
20         Android 10 (API level 29) and lower.
21    -->
22    <!--
23    <uses-permission android:name="READ_PHONE_STATE" android:maxSdkVersion="29" />
24    <uses-permission android:name="READ_PHONE_NUMBERS" />
25    -->
26    <!-- 저장소 읽기/쓰기 -->
27    <uses-permission android:name="android.permission.READ_MEDIA_IMAGES" /> <!-- 이미지 권한설정 -->
27-->src\main\AndroidManifest.xml:17:5-76
27-->src\main\AndroidManifest.xml:17:22-73
28    <uses-permission android:name="android.permission.READ_MEDIA_VIDEO" /> <!-- 비디오 권한설정 -->
28-->src\main\AndroidManifest.xml:18:5-75
28-->src\main\AndroidManifest.xml:18:22-72
29    <uses-permission android:name="android.permission.READ_MEDIA_AUDIO" /> <!-- 오디오 권한설정 -->
29-->src\main\AndroidManifest.xml:19:5-75
29-->src\main\AndroidManifest.xml:19:22-72
30
31
32    <!-- 카메라 권한/기능 -->
33    <uses-permission android:name="android.permission.CAMERA" />
33-->src\main\AndroidManifest.xml:22:5-65
33-->src\main\AndroidManifest.xml:22:22-62
34
35    <uses-feature android:name="android.hardware.camera" />
35-->src\main\AndroidManifest.xml:23:5-60
35-->src\main\AndroidManifest.xml:23:19-57
36    <!-- 위치권한 -->
37    <uses-permission android:name="android.permission.ACCESS_FINE_LOCATION" />
37-->src\main\AndroidManifest.xml:25:5-79
37-->src\main\AndroidManifest.xml:25:22-76
38    <uses-permission android:name="android.permission.ACCESS_COARSE_LOCATION" />
38-->src\main\AndroidManifest.xml:26:5-81
38-->src\main\AndroidManifest.xml:26:22-78
39    <uses-permission android:name="android.permission.WAKE_LOCK" /> <!-- Required by older versions of Google Play services to create IID tokens -->
39-->[com.google.firebase:firebase-messaging:22.0.0] AndroidManifest.xml:23:5-68
39-->[com.google.firebase:firebase-messaging:22.0.0] AndroidManifest.xml:23:22-65
40    <uses-permission android:name="com.google.android.c2dm.permission.RECEIVE" />
40-->[com.google.firebase:firebase-messaging:22.0.0] AndroidManifest.xml:25:5-82
40-->[com.google.firebase:firebase-messaging:22.0.0] AndroidManifest.xml:25:22-79
41
42    <uses-feature
42-->[com.google.android.gms:play-services-maps:17.0.0] AndroidManifest.xml:26:5-28:35
43        android:glEsVersion="0x00020000"
43-->[com.google.android.gms:play-services-maps:17.0.0] AndroidManifest.xml:27:9-41
44        android:required="true" />
44-->[com.google.android.gms:play-services-maps:17.0.0] AndroidManifest.xml:28:9-32
45
46    <uses-permission android:name="com.google.android.finsky.permission.BIND_GET_INSTALL_REFERRER_SERVICE" />
46-->[com.google.android.gms:play-services-measurement:19.0.1] AndroidManifest.xml:26:5-110
46-->[com.google.android.gms:play-services-measurement:19.0.1] AndroidManifest.xml:26:22-107
47
48    <application
48-->src\main\AndroidManifest.xml:28:5-89:19
49        android:allowBackup="true"
49-->src\main\AndroidManifest.xml:29:9-35
50        android:appComponentFactory="androidx.core.app.CoreComponentFactory"
50-->[androidx.core:core:1.5.0] AndroidManifest.xml:24:18-86
51        android:extractNativeLibs="false"
52        android:hardwareAccelerated="false"
52-->src\main\AndroidManifest.xml:30:9-44
53        android:icon="@mipmap/ic_launcher"
53-->src\main\AndroidManifest.xml:31:9-43
54        android:label="@string/app_name"
54-->src\main\AndroidManifest.xml:32:9-41
55        android:networkSecurityConfig="@xml/network_security_config"
55-->src\main\AndroidManifest.xml:36:9-69
56        android:roundIcon="@mipmap/ic_launcher"
56-->src\main\AndroidManifest.xml:33:9-48
57        android:supportsRtl="true"
57-->src\main\AndroidManifest.xml:34:9-35
58        android:theme="@style/Theme.AppCompat.NoActionBar"
58-->src\main\AndroidManifest.xml:35:9-59
59        android:usesCleartextTraffic="false" >
59-->src\main\AndroidManifest.xml:37:9-45
60        <provider
60-->src\main\AndroidManifest.xml:39:9-47:20
61            android:name="androidx.core.content.FileProvider"
61-->src\main\AndroidManifest.xml:40:13-62
62            android:authorities="kr.co.itforone.tdaeri2.fileprovider"
62-->src\main\AndroidManifest.xml:41:13-70
63            android:exported="false"
63-->src\main\AndroidManifest.xml:42:13-37
64            android:grantUriPermissions="true" >
64-->src\main\AndroidManifest.xml:43:13-47
65            <meta-data
65-->src\main\AndroidManifest.xml:44:13-46:58
66                android:name="android.support.FILE_PROVIDER_PATHS"
66-->src\main\AndroidManifest.xml:45:17-67
67                android:resource="@xml/provider_paths" />
67-->src\main\AndroidManifest.xml:46:17-55
68        </provider>
69
70        <activity
70-->src\main\AndroidManifest.xml:49:9-68:20
71            android:name="kr.co.itforone.tdaeri2.MainActivity"
71-->src\main\AndroidManifest.xml:50:13-41
72            android:exported="true"
72-->src\main\AndroidManifest.xml:52:13-36
73            android:screenOrientation="portrait" >
73-->src\main\AndroidManifest.xml:51:13-49
74            <intent-filter>
74-->src\main\AndroidManifest.xml:54:13-57:29
75                <action android:name="android.intent.action.MAIN" />
75-->src\main\AndroidManifest.xml:55:17-69
75-->src\main\AndroidManifest.xml:55:25-66
76
77                <category android:name="android.intent.category.LAUNCHER" />
77-->src\main\AndroidManifest.xml:56:17-77
77-->src\main\AndroidManifest.xml:56:27-74
78            </intent-filter>
79            <intent-filter>
79-->src\main\AndroidManifest.xml:58:13-67:29
80                <action android:name="android.intent.action.VIEW" />
80-->src\main\AndroidManifest.xml:59:17-69
80-->src\main\AndroidManifest.xml:59:25-66
81
82                <category android:name="android.intent.category.DEFAULT" />
82-->src\main\AndroidManifest.xml:61:17-76
82-->src\main\AndroidManifest.xml:61:27-73
83                <category android:name="android.intent.category.BROWSABLE" />
83-->src\main\AndroidManifest.xml:62:17-78
83-->src\main\AndroidManifest.xml:62:27-75
84
85                <data
85-->src\main\AndroidManifest.xml:64:17-66:48
86                    android:host="tdaeri2.app"
86-->src\main\AndroidManifest.xml:65:21-47
87                    android:scheme="tdaeri2" />
87-->src\main\AndroidManifest.xml:66:21-45
88            </intent-filter>
89        </activity>
90        <activity
90-->src\main\AndroidManifest.xml:70:9-72:61
91            android:name="kr.co.itforone.tdaeri2.SplashActivity"
91-->src\main\AndroidManifest.xml:71:13-43
92            android:screenOrientation="portrait" />
92-->src\main\AndroidManifest.xml:72:13-49
93
94        <service
94-->src\main\AndroidManifest.xml:74:9-81:19
95            android:name="kr.co.itforone.tdaeri2.MyFirebaseMessagingService"
95-->src\main\AndroidManifest.xml:75:13-55
96            android:exported="true"
96-->src\main\AndroidManifest.xml:77:13-36
97            android:stopWithTask="false" >
97-->src\main\AndroidManifest.xml:76:13-41
98            <intent-filter>
98-->src\main\AndroidManifest.xml:78:13-80:29
99                <action android:name="com.google.firebase.MESSAGING_EVENT" />
99-->src\main\AndroidManifest.xml:79:17-78
99-->src\main\AndroidManifest.xml:79:25-75
100            </intent-filter>
101        </service>
102
103        <meta-data
103-->src\main\AndroidManifest.xml:82:9-84:54
104            android:name="com.google.firebase.messaging.default_notification_icon"
104-->src\main\AndroidManifest.xml:83:13-83
105            android:resource="@mipmap/ic_launcher" />
105-->src\main\AndroidManifest.xml:84:13-51
106        <meta-data
106-->src\main\AndroidManifest.xml:85:9-87:47
107            android:name="com.google.firebase.messaging.default_notification_color"
107-->src\main\AndroidManifest.xml:86:13-84
108            android:resource="@color/white" />
108-->src\main\AndroidManifest.xml:87:13-44
109
110        <activity
110-->[io.github.ParkSangGwon:tedpermission:2.3.0] AndroidManifest.xml:10:9-14:67
111            android:name="com.gun0912.tedpermission.TedPermissionActivity"
111-->[io.github.ParkSangGwon:tedpermission:2.3.0] AndroidManifest.xml:11:13-75
112            android:configChanges="mcc|mnc|locale|keyboard|keyboardHidden|screenLayout|fontScale|uiMode|orientation|screenSize|layoutDirection"
112-->[io.github.ParkSangGwon:tedpermission:2.3.0] AndroidManifest.xml:12:13-144
113            android:screenOrientation="unspecified"
113-->[io.github.ParkSangGwon:tedpermission:2.3.0] AndroidManifest.xml:13:13-52
114            android:theme="@style/Theme.Transparent.Permission" />
114-->[io.github.ParkSangGwon:tedpermission:2.3.0] AndroidManifest.xml:14:13-64
115
116        <receiver
116-->[com.google.firebase:firebase-messaging:22.0.0] AndroidManifest.xml:28:9-35:20
117            android:name="com.google.firebase.iid.FirebaseInstanceIdReceiver"
117-->[com.google.firebase:firebase-messaging:22.0.0] AndroidManifest.xml:29:13-78
118            android:exported="true"
118-->[com.google.firebase:firebase-messaging:22.0.0] AndroidManifest.xml:30:13-36
119            android:permission="com.google.android.c2dm.permission.SEND" >
119-->[com.google.firebase:firebase-messaging:22.0.0] AndroidManifest.xml:31:13-73
120            <intent-filter>
120-->[com.google.firebase:firebase-messaging:22.0.0] AndroidManifest.xml:32:13-34:29
121                <action android:name="com.google.android.c2dm.intent.RECEIVE" />
121-->[com.google.firebase:firebase-messaging:22.0.0] AndroidManifest.xml:33:17-81
121-->[com.google.firebase:firebase-messaging:22.0.0] AndroidManifest.xml:33:25-78
122            </intent-filter>
123        </receiver>
124        <!--
125             FirebaseMessagingService performs security checks at runtime,
126             but set to not exported to explicitly avoid allowing another app to call it.
127        -->
128        <service
128-->[com.google.firebase:firebase-messaging:22.0.0] AndroidManifest.xml:41:9-48:19
129            android:name="com.google.firebase.messaging.FirebaseMessagingService"
129-->[com.google.firebase:firebase-messaging:22.0.0] AndroidManifest.xml:42:13-82
130            android:directBootAware="true"
130-->[com.google.firebase:firebase-messaging:22.0.0] AndroidManifest.xml:43:13-43
131            android:exported="false" >
131-->[com.google.firebase:firebase-messaging:22.0.0] AndroidManifest.xml:44:13-37
132            <intent-filter android:priority="-500" >
132-->src\main\AndroidManifest.xml:78:13-80:29
133                <action android:name="com.google.firebase.MESSAGING_EVENT" />
133-->src\main\AndroidManifest.xml:79:17-78
133-->src\main\AndroidManifest.xml:79:25-75
134            </intent-filter>
135        </service>
136        <service
136-->[com.google.firebase:firebase-messaging:22.0.0] AndroidManifest.xml:49:9-55:19
137            android:name="com.google.firebase.components.ComponentDiscoveryService"
137-->[com.google.firebase:firebase-messaging:22.0.0] AndroidManifest.xml:50:13-84
138            android:directBootAware="true"
138-->[com.google.firebase:firebase-common:20.0.0] AndroidManifest.xml:35:13-43
139            android:exported="false" >
139-->[com.google.firebase:firebase-messaging:22.0.0] AndroidManifest.xml:51:13-37
140            <meta-data
140-->[com.google.firebase:firebase-messaging:22.0.0] AndroidManifest.xml:52:13-54:85
141                android:name="com.google.firebase.components:com.google.firebase.messaging.FirebaseMessagingRegistrar"
141-->[com.google.firebase:firebase-messaging:22.0.0] AndroidManifest.xml:53:17-119
142                android:value="com.google.firebase.components.ComponentRegistrar" />
142-->[com.google.firebase:firebase-messaging:22.0.0] AndroidManifest.xml:54:17-82
143            <meta-data
143-->[com.google.firebase:firebase-datatransport:18.0.0] AndroidManifest.xml:28:13-30:85
144                android:name="com.google.firebase.components:com.google.firebase.datatransport.TransportRegistrar"
144-->[com.google.firebase:firebase-datatransport:18.0.0] AndroidManifest.xml:29:17-115
145                android:value="com.google.firebase.components.ComponentRegistrar" />
145-->[com.google.firebase:firebase-datatransport:18.0.0] AndroidManifest.xml:30:17-82
146            <meta-data
146-->[com.google.android.gms:play-services-measurement-api:19.0.1] AndroidManifest.xml:30:13-32:85
147                android:name="com.google.firebase.components:com.google.firebase.analytics.connector.internal.AnalyticsConnectorRegistrar"
147-->[com.google.android.gms:play-services-measurement-api:19.0.1] AndroidManifest.xml:31:17-139
148                android:value="com.google.firebase.components.ComponentRegistrar" />
148-->[com.google.android.gms:play-services-measurement-api:19.0.1] AndroidManifest.xml:32:17-82
149            <meta-data
149-->[com.google.firebase:firebase-installations:17.0.0] AndroidManifest.xml:18:13-20:85
150                android:name="com.google.firebase.components:com.google.firebase.installations.FirebaseInstallationsRegistrar"
150-->[com.google.firebase:firebase-installations:17.0.0] AndroidManifest.xml:19:17-127
151                android:value="com.google.firebase.components.ComponentRegistrar" />
151-->[com.google.firebase:firebase-installations:17.0.0] AndroidManifest.xml:20:17-82
152        </service> <!-- Needs to be explicitly declared on P+ -->
153        <uses-library
153-->[com.google.android.gms:play-services-maps:17.0.0] AndroidManifest.xml:33:9-35:40
154            android:name="org.apache.http.legacy"
154-->[com.google.android.gms:play-services-maps:17.0.0] AndroidManifest.xml:34:13-50
155            android:required="false" />
155-->[com.google.android.gms:play-services-maps:17.0.0] AndroidManifest.xml:35:13-37
156
157        <service
157-->[com.google.android.datatransport:transport-backend-cct:3.0.0] AndroidManifest.xml:29:9-35:19
158            android:name="com.google.android.datatransport.runtime.backends.TransportBackendDiscovery"
158-->[com.google.android.datatransport:transport-backend-cct:3.0.0] AndroidManifest.xml:30:13-103
159            android:exported="false" >
159-->[com.google.android.datatransport:transport-backend-cct:3.0.0] AndroidManifest.xml:31:13-37
160            <meta-data
160-->[com.google.android.datatransport:transport-backend-cct:3.0.0] AndroidManifest.xml:32:13-34:39
161                android:name="backend:com.google.android.datatransport.cct.CctBackendFactory"
161-->[com.google.android.datatransport:transport-backend-cct:3.0.0] AndroidManifest.xml:33:17-94
162                android:value="cct" />
162-->[com.google.android.datatransport:transport-backend-cct:3.0.0] AndroidManifest.xml:34:17-36
163        </service>
164
165        <provider
165-->[com.google.firebase:firebase-common:20.0.0] AndroidManifest.xml:26:9-31:39
166            android:name="com.google.firebase.provider.FirebaseInitProvider"
166-->[com.google.firebase:firebase-common:20.0.0] AndroidManifest.xml:27:13-77
167            android:authorities="kr.co.itforone.tdaeri2.firebaseinitprovider"
167-->[com.google.firebase:firebase-common:20.0.0] AndroidManifest.xml:28:13-72
168            android:directBootAware="true"
168-->[com.google.firebase:firebase-common:20.0.0] AndroidManifest.xml:29:13-43
169            android:exported="false"
169-->[com.google.firebase:firebase-common:20.0.0] AndroidManifest.xml:30:13-37
170            android:initOrder="100" />
170-->[com.google.firebase:firebase-common:20.0.0] AndroidManifest.xml:31:13-36
171
172        <activity
172-->[com.google.android.gms:play-services-base:17.0.0] AndroidManifest.xml:23:9-26:75
173            android:name="com.google.android.gms.common.api.GoogleApiActivity"
173-->[com.google.android.gms:play-services-base:17.0.0] AndroidManifest.xml:24:13-79
174            android:exported="false"
174-->[com.google.android.gms:play-services-base:17.0.0] AndroidManifest.xml:25:13-37
175            android:theme="@android:style/Theme.Translucent.NoTitleBar" />
175-->[com.google.android.gms:play-services-base:17.0.0] AndroidManifest.xml:26:13-72
176
177        <receiver
177-->[com.google.android.gms:play-services-measurement:19.0.1] AndroidManifest.xml:29:9-33:20
178            android:name="com.google.android.gms.measurement.AppMeasurementReceiver"
178-->[com.google.android.gms:play-services-measurement:19.0.1] AndroidManifest.xml:30:13-85
179            android:enabled="true"
179-->[com.google.android.gms:play-services-measurement:19.0.1] AndroidManifest.xml:31:13-35
180            android:exported="false" >
180-->[com.google.android.gms:play-services-measurement:19.0.1] AndroidManifest.xml:32:13-37
181        </receiver>
182
183        <service
183-->[com.google.android.gms:play-services-measurement:19.0.1] AndroidManifest.xml:35:9-38:40
184            android:name="com.google.android.gms.measurement.AppMeasurementService"
184-->[com.google.android.gms:play-services-measurement:19.0.1] AndroidManifest.xml:36:13-84
185            android:enabled="true"
185-->[com.google.android.gms:play-services-measurement:19.0.1] AndroidManifest.xml:37:13-35
186            android:exported="false" />
186-->[com.google.android.gms:play-services-measurement:19.0.1] AndroidManifest.xml:38:13-37
187        <service
187-->[com.google.android.gms:play-services-measurement:19.0.1] AndroidManifest.xml:39:9-43:72
188            android:name="com.google.android.gms.measurement.AppMeasurementJobService"
188-->[com.google.android.gms:play-services-measurement:19.0.1] AndroidManifest.xml:40:13-87
189            android:enabled="true"
189-->[com.google.android.gms:play-services-measurement:19.0.1] AndroidManifest.xml:41:13-35
190            android:exported="false"
190-->[com.google.android.gms:play-services-measurement:19.0.1] AndroidManifest.xml:42:13-37
191            android:permission="android.permission.BIND_JOB_SERVICE" />
191-->[com.google.android.gms:play-services-measurement:19.0.1] AndroidManifest.xml:43:13-69
192
193        <meta-data
193-->[com.google.android.gms:play-services-basement:17.0.0] AndroidManifest.xml:23:9-25:69
194            android:name="com.google.android.gms.version"
194-->[com.google.android.gms:play-services-basement:17.0.0] AndroidManifest.xml:24:13-58
195            android:value="@integer/google_play_services_version" />
195-->[com.google.android.gms:play-services-basement:17.0.0] AndroidManifest.xml:25:13-66
196
197        <service
197-->[com.google.android.datatransport:transport-runtime:3.0.0] AndroidManifest.xml:26:9-30:19
198            android:name="com.google.android.datatransport.runtime.scheduling.jobscheduling.JobInfoSchedulerService"
198-->[com.google.android.datatransport:transport-runtime:3.0.0] AndroidManifest.xml:27:13-117
199            android:exported="false"
199-->[com.google.android.datatransport:transport-runtime:3.0.0] AndroidManifest.xml:28:13-37
200            android:permission="android.permission.BIND_JOB_SERVICE" >
200-->[com.google.android.datatransport:transport-runtime:3.0.0] AndroidManifest.xml:29:13-69
201        </service>
202
203        <receiver
203-->[com.google.android.datatransport:transport-runtime:3.0.0] AndroidManifest.xml:32:9-34:40
204            android:name="com.google.android.datatransport.runtime.scheduling.jobscheduling.AlarmManagerSchedulerBroadcastReceiver"
204-->[com.google.android.datatransport:transport-runtime:3.0.0] AndroidManifest.xml:33:13-132
205            android:exported="false" />
205-->[com.google.android.datatransport:transport-runtime:3.0.0] AndroidManifest.xml:34:13-37
206    </application>
207
208</manifest>